# JRE version: OpenJDK Runtime Environment (8.0_152-b01) (build 1.8.0_152-release-915-b01)
# Java VM: OpenJDK 64-Bit Server VM (25.152-b01 mixed mode linux-amd64 compressed oops)
Heap:
 PSYoungGen      total 380928K, used 36059K [0x00000000e0000000, 0x00000000f9e00000, 0x0000000100000000)
  eden space 337920K, 0% used [0x00000000e0000000,0x00000000e0000000,0x00000000f4a00000)
  from space 43008K, 83% used [0x00000000f4a00000,0x00000000f6d36e30,0x00000000f7400000)
  to   space 37888K, 0% used [0x00000000f7900000,0x00000000f7900000,0x00000000f9e00000)
 ParOldGen       total 150016K, used 46958K [0x00000000a0000000, 0x00000000a9280000, 0x00000000e0000000)
  object space 150016K, 31% used [0x00000000a0000000,0x00000000a2ddbac8,0x00000000a9280000)
 Metaspace       used 57922K, capacity 59630K, committed 59776K, reserved 1101824K
  class space    used 6700K, capacity 7205K, committed 7296K, reserved 1048576K
GC Heap History (10 events):
Event: 98,030 GC heap after
Heap after GC invocations=16 (full 3):
 PSYoungGen      total 196096K, used 31730K [0x00000000e0000000, 0x00000000f3780000, 0x0000000100000000)
  eden space 164352K, 0% used [0x00000000e0000000,0x00000000e0000000,0x00000000ea080000)
  from space 31744K, 99% used [0x00000000ea080000,0x00000000ebf7c830,0x00000000ebf80000)
  to   space 38400K, 0% used [0x00000000f1200000,0x00000000f1200000,0x00000000f3780000)
 ParOldGen       total 147968K, used 131368K [0x00000000a0000000, 0x00000000a9080000, 0x00000000e0000000)
  object space 147968K, 88% used [0x00000000a0000000,0x00000000a804a128,0x00000000a9080000)
 Metaspace       used 51100K, capacity 51966K, committed 52608K, reserved 1095680K
  class space    used 6220K, capacity 6435K, committed 6528K, reserved 1048576K
}
Event: 98,030 GC heap before
{Heap before GC invocations=17 (full 4):
 PSYoungGen      total 196096K, used 31730K [0x00000000e0000000, 0x00000000f3780000, 0x0000000100000000)
  eden space 164352K, 0% used [0x00000000e0000000,0x00000000e0000000,0x00000000ea080000)
  from space 31744K, 99% used [0x00000000ea080000,0x00000000ebf7c830,0x00000000ebf80000)
  to   space 38400K, 0% used [0x00000000f1200000,0x00000000f1200000,0x00000000f3780000)
 ParOldGen       total 147968K, used 131368K [0x00000000a0000000, 0x00000000a9080000, 0x00000000e0000000)
  object space 147968K, 88% used [0x00000000a0000000,0x00000000a804a128,0x00000000a9080000)
 Metaspace       used 51100K, capacity 51966K, committed 52608K, reserved 1095680K
  class space    used 6220K, capacity 6435K, committed 6528K, reserved 1048576K
Event: 98,126 GC heap after
Heap after GC invocations=17 (full 4):
 PSYoungGen      total 196096K, used 0K [0x00000000e0000000, 0x00000000f3780000, 0x0000000100000000)
  eden space 164352K, 0% used [0x00000000e0000000,0x00000000e0000000,0x00000000ea080000)
  from space 31744K, 0% used [0x00000000ea080000,0x00000000ea080000,0x00000000ebf80000)
  to   space 38400K, 0% used [0x00000000f1200000,0x00000000f1200000,0x00000000f3780000)
 ParOldGen       total 150016K, used 40838K [0x00000000a0000000, 0x00000000a9280000, 0x00000000e0000000)
  object space 150016K, 27% used [0x00000000a0000000,0x00000000a27e19b8,0x00000000a9280000)
 Metaspace       used 51100K, capacity 51966K, committed 52608K, reserved 1095680K
  class space    used 6220K, capacity 6435K, committed 6528K, reserved 1048576K
}
Event: 322,718 GC heap before
{Heap before GC invocations=18 (full 4):
 PSYoungGen      total 196096K, used 164309K [0x00000000e0000000, 0x00000000f3780000, 0x0000000100000000)
  eden space 164352K, 99% used [0x00000000e0000000,0x00000000ea075558,0x00000000ea080000)
  from space 31744K, 0% used [0x00000000ea080000,0x00000000ea080000,0x00000000ebf80000)
  to   space 38400K, 0% used [0x00000000f1200000,0x00000000f1200000,0x00000000f3780000)
 ParOldGen       total 150016K, used 40838K [0x00000000a0000000, 0x00000000a9280000, 0x00000000e0000000)
  object space 150016K, 27% used [0x00000000a0000000,0x00000000a27e19b8,0x00000000a9280000)
 Metaspace       used 52414K, capacity 53328K, committed 53632K, reserved 1095680K
  class space    used 6277K, capacity 6514K, committed 6528K, reserved 1048576K
Event: 322,761 GC heap after
Heap after GC invocations=18 (full 4):
 PSYoungGen      total 276992K, used 31860K [0x00000000e0000000, 0x00000000f4000000, 0x0000000100000000)
  eden space 238592K, 0% used [0x00000000e0000000,0x00000000e0000000,0x00000000ee900000)
  from space 38400K, 82% used [0x00000000f1200000,0x00000000f311d328,0x00000000f3780000)
  to   space 41984K, 0% used [0x00000000ee900000,0x00000000ee900000,0x00000000f1200000)
 ParOldGen       total 150016K, used 40846K [0x00000000a0000000, 0x00000000a9280000, 0x00000000e0000000)
  object space 150016K, 27% used [0x00000000a0000000,0x00000000a27e39b8,0x00000000a9280000)
 Metaspace       used 52414K, capacity 53328K, committed 53632K, reserved 1095680K
  class space    used 6277K, capacity 6514K, committed 6528K, reserved 1048576K
}
Event: 874,916 GC heap before
{Heap before GC invocations=19 (full 4):
 PSYoungGen      total 276992K, used 270452K [0x00000000e0000000, 0x00000000f4000000, 0x0000000100000000)
  eden space 238592K, 100% used [0x00000000e0000000,0x00000000ee900000,0x00000000ee900000)
  from space 38400K, 82% used [0x00000000f1200000,0x00000000f311d328,0x00000000f3780000)
  to   space 41984K, 0% used [0x00000000ee900000,0x00000000ee900000,0x00000000f1200000)
 ParOldGen       total 150016K, used 40846K [0x00000000a0000000, 0x00000000a9280000, 0x00000000e0000000)
  object space 150016K, 27% used [0x00000000a0000000,0x00000000a27e39b8,0x00000000a9280000)
 Metaspace       used 54014K, capacity 55034K, committed 55424K, reserved 1097728K
  class space    used 6364K, capacity 6663K, committed 6784K, reserved 1048576K
Event: 874,944 GC heap after
Heap after GC invocations=19 (full 4):
 PSYoungGen      total 280576K, used 14744K [0x00000000e0000000, 0x00000000fa000000, 0x0000000100000000)
  eden space 238592K, 0% used [0x00000000e0000000,0x00000000e0000000,0x00000000ee900000)
  from space 41984K, 35% used [0x00000000ee900000,0x00000000ef766288,0x00000000f1200000)
  to   space 39936K, 0% used [0x00000000f7900000,0x00000000f7900000,0x00000000fa000000)
 ParOldGen       total 150016K, used 46218K [0x00000000a0000000, 0x00000000a9280000, 0x00000000e0000000)
  object space 150016K, 30% used [0x00000000a0000000,0x00000000a2d22aa8,0x00000000a9280000)
 Metaspace       used 54014K, capacity 55034K, committed 55424K, reserved 1097728K
  class space    used 6364K, capacity 6663K, committed 6784K, reserved 1048576K
}
Event: 1080,248 GC heap before
{Heap before GC invocations=20 (full 4):
 PSYoungGen      total 280576K, used 253256K [0x00000000e0000000, 0x00000000fa000000, 0x0000000100000000)
  eden space 238592K, 99% used [0x00000000e0000000,0x00000000ee8ebfc8,0x00000000ee900000)
  from space 41984K, 35% used [0x00000000ee900000,0x00000000ef766288,0x00000000f1200000)
  to   space 39936K, 0% used [0x00000000f7900000,0x00000000f7900000,0x00000000fa000000)
 ParOldGen       total 150016K, used 46218K [0x00000000a0000000, 0x00000000a9280000, 0x00000000e0000000)
  object space 150016K, 30% used [0x00000000a0000000,0x00000000a2d22aa8,0x00000000a9280000)
 Metaspace       used 55540K, capacity 56670K, committed 57088K, reserved 1099776K
  class space    used 6482K, capacity 6821K, committed 6912K, reserved 1048576K
Event: 1080,282 GC heap after
Heap after GC invocations=20 (full 4):
 PSYoungGen      total 375808K, used 31749K [0x00000000e0000000, 0x00000000f9e00000, 0x0000000100000000)
  eden space 337920K, 0% used [0x00000000e0000000,0x00000000e0000000,0x00000000f4a00000)
  from space 37888K, 83% used [0x00000000f7900000,0x00000000f9801740,0x00000000f9e00000)
  to   space 43008K, 0% used [0x00000000f4a00000,0x00000000f4a00000,0x00000000f7400000)
 ParOldGen       total 150016K, used 46402K [0x00000000a0000000, 0x00000000a9280000, 0x00000000e0000000)
  object space 150016K, 30% used [0x00000000a0000000,0x00000000a2d50aa8,0x00000000a9280000)
 Metaspace       used 55540K, capacity 56670K, committed 57088K, reserved 1099776K
  class space    used 6482K, capacity 6821K, committed 6912K, reserved 1048576K
}
Event: 1533,700 GC heap before
{Heap before GC invocations=21 (full 4):
 PSYoungGen      total 375808K, used 369669K [0x00000000e0000000, 0x00000000f9e00000, 0x0000000100000000)
  eden space 337920K, 100% used [0x00000000e0000000,0x00000000f4a00000,0x00000000f4a00000)
  from space 37888K, 83% used [0x00000000f7900000,0x00000000f9801740,0x00000000f9e00000)
  to   space 43008K, 0% used [0x00000000f4a00000,0x00000000f4a00000,0x00000000f7400000)
 ParOldGen       total 150016K, used 46402K [0x00000000a0000000, 0x00000000a9280000, 0x00000000e0000000)
  object space 150016K, 30% used [0x00000000a0000000,0x00000000a2d50aa8,0x00000000a9280000)
 Metaspace       used 57922K, capacity 59630K, committed 59776K, reserved 1101824K
  class space    used 6700K, capacity 7205K, committed 7296K, reserved 1048576K

